2016-09-12 16:49:35 - PHP Notice:  Undefined variable: persons in D:\www\200wdollar\admin\view\template\catalog\groupon_form.tpl on line 946
2016-10-10 10:35:43 - PHP Notice:  Undefined variable: column_left in D:\www\200wdollar\catalog\view\theme\better-life\template\common\home.tpl on line 3
2016-10-10 10:35:43 - PHP Notice:  Undefined variable: column_left in D:\www\200wdollar\catalog\view\theme\better-life\template\common\home.tpl on line 4
2016-10-10 10:35:43 - PHP Notice:  Undefined variable: column_left in D:\www\200wdollar\catalog\view\theme\better-life\template\common\home.tpl on line 6
2016-10-10 10:35:43 - PHP Notice:  Undefined variable: column_right in D:\www\200wdollar\catalog\view\theme\better-life\template\common\home.tpl on line 6
2016-10-10 10:35:43 - PHP Notice:  Undefined variable: column_right in D:\www\200wdollar\catalog\view\theme\better-life\template\common\home.tpl on line 12
2016-10-10 11:01:29 - PHP Notice:  Undefined variable: text_tax in D:\www\200wdollar\catalog\view\theme\better-life\template\product\hot.tpl on line 29
2016-10-10 11:06:30 - PHP Notice:  Undefined variable: text_tax in D:\www\200wdollar\catalog\view\theme\better-life\template\product\hot.tpl on line 29
2016-10-10 16:50:20 - PHP Notice:  Undefined index: buy_price in D:\www\200wdollar\admin\controller\catalog\groupon.php on line 882
2016-10-10 16:50:20 - PHP Notice:  Undefined index: groupon_price in D:\www\200wdollar\admin\controller\catalog\groupon.php on line 891
2016-10-10 16:50:20 - PHP Notice:  Undefined index: persons in D:\www\200wdollar\admin\controller\catalog\groupon.php on line 900
2016-10-10 16:50:20 - PHP Notice:  Undefined index: available_time in D:\www\200wdollar\admin\controller\catalog\groupon.php on line 909
2016-10-10 16:50:20 - PHP Notice:  Undefined index: person_limit in D:\www\200wdollar\admin\controller\catalog\groupon.php on line 918
2016-10-10 17:43:08 - PHP Notice:  Undefined index: tax_class_id in D:\www\200wdollar\catalog\controller\product\hot.php on line 34
2016-10-10 17:43:08 - PHP Notice:  Undefined index: special in D:\www\200wdollar\catalog\controller\product\hot.php on line 39
2016-10-10 17:43:08 - PHP Notice:  Undefined index: special in D:\www\200wdollar\catalog\controller\product\hot.php on line 46
2016-10-10 17:43:08 - PHP Notice:  Undefined index: rating in D:\www\200wdollar\catalog\controller\product\hot.php on line 52
2016-10-10 17:43:08 - PHP Notice:  Undefined index: description in D:\www\200wdollar\catalog\controller\product\hot.php on line 61
2016-10-10 17:43:08 - PHP Notice:  Undefined index: tax_class_id in D:\www\200wdollar\catalog\controller\product\hot.php on line 34
2016-10-10 17:43:08 - PHP Notice:  Undefined index: special in D:\www\200wdollar\catalog\controller\product\hot.php on line 39
2016-10-10 17:43:08 - PHP Notice:  Undefined index: special in D:\www\200wdollar\catalog\controller\product\hot.php on line 46
2016-10-10 17:43:08 - PHP Notice:  Undefined index: rating in D:\www\200wdollar\catalog\controller\product\hot.php on line 52
2016-10-10 17:43:08 - PHP Notice:  Undefined index: description in D:\www\200wdollar\catalog\controller\product\hot.php on line 61
2016-10-10 17:43:08 - PHP Notice:  Undefined index: tax_class_id in D:\www\200wdollar\catalog\controller\product\hot.php on line 34
2016-10-10 17:43:08 - PHP Notice:  Undefined index: special in D:\www\200wdollar\catalog\controller\product\hot.php on line 39
2016-10-10 17:43:08 - PHP Notice:  Undefined index: special in D:\www\200wdollar\catalog\controller\product\hot.php on line 46
2016-10-10 17:43:08 - PHP Notice:  Undefined index: rating in D:\www\200wdollar\catalog\controller\product\hot.php on line 52
2016-10-10 17:43:08 - PHP Notice:  Undefined index: description in D:\www\200wdollar\catalog\controller\product\hot.php on line 61
2016-10-10 17:43:08 - PHP Notice:  Undefined index: tax_class_id in D:\www\200wdollar\catalog\controller\product\hot.php on line 34
2016-10-10 17:43:08 - PHP Notice:  Undefined index: special in D:\www\200wdollar\catalog\controller\product\hot.php on line 39
2016-10-10 17:43:08 - PHP Notice:  Undefined index: special in D:\www\200wdollar\catalog\controller\product\hot.php on line 46
2016-10-10 17:43:08 - PHP Notice:  Undefined index: rating in D:\www\200wdollar\catalog\controller\product\hot.php on line 52
2016-10-10 17:43:08 - PHP Notice:  Undefined index: description in D:\www\200wdollar\catalog\controller\product\hot.php on line 61
2016-10-10 17:43:08 - PHP Notice:  Undefined index: tax_class_id in D:\www\200wdollar\catalog\controller\product\hot.php on line 34
2016-10-10 17:43:08 - PHP Notice:  Undefined index: special in D:\www\200wdollar\catalog\controller\product\hot.php on line 39
2016-10-10 17:43:08 - PHP Notice:  Undefined index: special in D:\www\200wdollar\catalog\controller\product\hot.php on line 46
2016-10-10 17:43:08 - PHP Notice:  Undefined index: rating in D:\www\200wdollar\catalog\controller\product\hot.php on line 52
2016-10-10 17:43:08 - PHP Notice:  Undefined index: description in D:\www\200wdollar\catalog\controller\product\hot.php on line 61
2016-10-10 17:43:08 - PHP Notice:  Undefined index: tax_class_id in D:\www\200wdollar\catalog\controller\product\hot.php on line 34
2016-10-10 17:43:08 - PHP Notice:  Undefined index: special in D:\www\200wdollar\catalog\controller\product\hot.php on line 39
2016-10-10 17:43:08 - PHP Notice:  Undefined index: special in D:\www\200wdollar\catalog\controller\product\hot.php on line 46
2016-10-10 17:43:08 - PHP Notice:  Undefined index: rating in D:\www\200wdollar\catalog\controller\product\hot.php on line 52
2016-10-10 17:43:08 - PHP Notice:  Undefined index: description in D:\www\200wdollar\catalog\controller\product\hot.php on line 61
2016-10-10 17:45:02 - PHP Notice:  Undefined index: tax_class_id in D:\www\200wdollar\catalog\controller\product\hot.php on line 34
2016-10-10 17:45:02 - PHP Notice:  Undefined index: special in D:\www\200wdollar\catalog\controller\product\hot.php on line 39
2016-10-10 17:45:02 - PHP Notice:  Undefined index: special in D:\www\200wdollar\catalog\controller\product\hot.php on line 46
2016-10-10 17:45:02 - PHP Notice:  Undefined index: rating in D:\www\200wdollar\catalog\controller\product\hot.php on line 52
2016-10-10 17:45:02 - PHP Notice:  Undefined index: description in D:\www\200wdollar\catalog\controller\product\hot.php on line 61
2016-10-10 17:45:02 - PHP Notice:  Undefined index: tax_class_id in D:\www\200wdollar\catalog\controller\product\hot.php on line 34
2016-10-10 17:45:02 - PHP Notice:  Undefined index: special in D:\www\200wdollar\catalog\controller\product\hot.php on line 39
2016-10-10 17:45:02 - PHP Notice:  Undefined index: special in D:\www\200wdollar\catalog\controller\product\hot.php on line 46
2016-10-10 17:45:02 - PHP Notice:  Undefined index: rating in D:\www\200wdollar\catalog\controller\product\hot.php on line 52
2016-10-10 17:45:02 - PHP Notice:  Undefined index: description in D:\www\200wdollar\catalog\controller\product\hot.php on line 61
2016-10-10 17:45:02 - PHP Notice:  Undefined index: tax_class_id in D:\www\200wdollar\catalog\controller\product\hot.php on line 34
2016-10-10 17:45:02 - PHP Notice:  Undefined index: special in D:\www\200wdollar\catalog\controller\product\hot.php on line 39
2016-10-10 17:45:02 - PHP Notice:  Undefined index: special in D:\www\200wdollar\catalog\controller\product\hot.php on line 46
2016-10-10 17:45:02 - PHP Notice:  Undefined index: rating in D:\www\200wdollar\catalog\controller\product\hot.php on line 52
2016-10-10 17:45:02 - PHP Notice:  Undefined index: description in D:\www\200wdollar\catalog\controller\product\hot.php on line 61
2016-10-10 17:45:02 - PHP Notice:  Undefined index: tax_class_id in D:\www\200wdollar\catalog\controller\product\hot.php on line 34
2016-10-10 17:45:02 - PHP Notice:  Undefined index: special in D:\www\200wdollar\catalog\controller\product\hot.php on line 39
2016-10-10 17:45:02 - PHP Notice:  Undefined index: special in D:\www\200wdollar\catalog\controller\product\hot.php on line 46
2016-10-10 17:45:02 - PHP Notice:  Undefined index: rating in D:\www\200wdollar\catalog\controller\product\hot.php on line 52
2016-10-10 17:45:02 - PHP Notice:  Undefined index: description in D:\www\200wdollar\catalog\controller\product\hot.php on line 61
2016-10-10 17:45:02 - PHP Notice:  Undefined index: tax_class_id in D:\www\200wdollar\catalog\controller\product\hot.php on line 34
2016-10-10 17:45:02 - PHP Notice:  Undefined index: special in D:\www\200wdollar\catalog\controller\product\hot.php on line 39
2016-10-10 17:45:02 - PHP Notice:  Undefined index: special in D:\www\200wdollar\catalog\controller\product\hot.php on line 46
2016-10-10 17:45:02 - PHP Notice:  Undefined index: rating in D:\www\200wdollar\catalog\controller\product\hot.php on line 52
2016-10-10 17:45:02 - PHP Notice:  Undefined index: description in D:\www\200wdollar\catalog\controller\product\hot.php on line 61
2016-10-10 17:45:02 - PHP Notice:  Undefined index: tax_class_id in D:\www\200wdollar\catalog\controller\product\hot.php on line 34
2016-10-10 17:45:02 - PHP Notice:  Undefined index: special in D:\www\200wdollar\catalog\controller\product\hot.php on line 39
2016-10-10 17:45:02 - PHP Notice:  Undefined index: special in D:\www\200wdollar\catalog\controller\product\hot.php on line 46
2016-10-10 17:45:02 - PHP Notice:  Undefined index: rating in D:\www\200wdollar\catalog\controller\product\hot.php on line 52
2016-10-10 17:45:02 - PHP Notice:  Undefined index: description in D:\www\200wdollar\catalog\controller\product\hot.php on line 61
2016-10-10 17:45:02 - PHP Notice:  Undefined index: groupon_price in D:\www\200wdollar\catalog\view\theme\better-life\template\product\hot.tpl on line 22
2016-10-10 17:45:02 - PHP Notice:  Undefined index: groupon_price in D:\www\200wdollar\catalog\view\theme\better-life\template\product\hot.tpl on line 22
2016-10-10 17:45:02 - PHP Notice:  Undefined index: groupon_price in D:\www\200wdollar\catalog\view\theme\better-life\template\product\hot.tpl on line 22
2016-10-10 17:45:02 - PHP Notice:  Undefined index: groupon_price in D:\www\200wdollar\catalog\view\theme\better-life\template\product\hot.tpl on line 22
2016-10-10 17:45:02 - PHP Notice:  Undefined index: groupon_price in D:\www\200wdollar\catalog\view\theme\better-life\template\product\hot.tpl on line 22
2016-10-10 17:45:02 - PHP Notice:  Undefined index: groupon_price in D:\www\200wdollar\catalog\view\theme\better-life\template\product\hot.tpl on line 22
2016-10-10 17:48:44 - PHP Notice:  Undefined index: tax_class_id in D:\www\200wdollar\catalog\controller\product\hot.php on line 34
2016-10-10 17:48:44 - PHP Notice:  Undefined index: tax_class_id in D:\www\200wdollar\catalog\controller\product\hot.php on line 38
2016-10-10 17:48:44 - PHP Notice:  Undefined variable: rating in D:\www\200wdollar\catalog\controller\product\hot.php on line 46
2016-10-10 17:48:44 - PHP Notice:  Undefined index: tax_class_id in D:\www\200wdollar\catalog\controller\product\hot.php on line 34
2016-10-10 17:48:44 - PHP Notice:  Undefined index: tax_class_id in D:\www\200wdollar\catalog\controller\product\hot.php on line 38
2016-10-10 17:48:44 - PHP Notice:  Undefined variable: rating in D:\www\200wdollar\catalog\controller\product\hot.php on line 46
2016-10-10 17:48:44 - PHP Notice:  Undefined index: tax_class_id in D:\www\200wdollar\catalog\controller\product\hot.php on line 34
2016-10-10 17:48:44 - PHP Notice:  Undefined index: tax_class_id in D:\www\200wdollar\catalog\controller\product\hot.php on line 38
2016-10-10 17:48:44 - PHP Notice:  Undefined variable: rating in D:\www\200wdollar\catalog\controller\product\hot.php on line 46
2016-10-10 17:48:44 - PHP Notice:  Undefined index: tax_class_id in D:\www\200wdollar\catalog\controller\product\hot.php on line 34
2016-10-10 17:48:44 - PHP Notice:  Undefined index: tax_class_id in D:\www\200wdollar\catalog\controller\product\hot.php on line 38
2016-10-10 17:48:44 - PHP Notice:  Undefined variable: rating in D:\www\200wdollar\catalog\controller\product\hot.php on line 46
2016-10-10 17:48:44 - PHP Notice:  Undefined index: tax_class_id in D:\www\200wdollar\catalog\controller\product\hot.php on line 34
2016-10-10 17:48:44 - PHP Notice:  Undefined index: tax_class_id in D:\www\200wdollar\catalog\controller\product\hot.php on line 38
2016-10-10 17:48:44 - PHP Notice:  Undefined variable: rating in D:\www\200wdollar\catalog\controller\product\hot.php on line 46
2016-10-10 17:48:44 - PHP Notice:  Undefined index: tax_class_id in D:\www\200wdollar\catalog\controller\product\hot.php on line 34
2016-10-10 17:48:44 - PHP Notice:  Undefined index: tax_class_id in D:\www\200wdollar\catalog\controller\product\hot.php on line 38
2016-10-10 17:48:44 - PHP Notice:  Undefined variable: rating in D:\www\200wdollar\catalog\controller\product\hot.php on line 46
2016-10-10 17:48:44 - PHP Notice:  Undefined index: description in D:\www\200wdollar\catalog\view\theme\better-life\template\product\hot.tpl on line 9
2016-10-10 17:48:44 - PHP Notice:  Undefined index: description in D:\www\200wdollar\catalog\view\theme\better-life\template\product\hot.tpl on line 9
2016-10-10 17:48:44 - PHP Notice:  Undefined index: description in D:\www\200wdollar\catalog\view\theme\better-life\template\product\hot.tpl on line 9
2016-10-10 17:48:44 - PHP Notice:  Undefined index: description in D:\www\200wdollar\catalog\view\theme\better-life\template\product\hot.tpl on line 9
2016-10-10 17:48:44 - PHP Notice:  Undefined index: description in D:\www\200wdollar\catalog\view\theme\better-life\template\product\hot.tpl on line 9
2016-10-10 17:48:44 - PHP Notice:  Undefined index: description in D:\www\200wdollar\catalog\view\theme\better-life\template\product\hot.tpl on line 9
2016-10-10 17:49:16 - PHP Notice:  Undefined index: tax_class_id in D:\www\200wdollar\catalog\controller\product\hot.php on line 34
2016-10-10 17:49:16 - PHP Notice:  Undefined index: tax_class_id in D:\www\200wdollar\catalog\controller\product\hot.php on line 38
2016-10-10 17:49:16 - PHP Notice:  Undefined variable: rating in D:\www\200wdollar\catalog\controller\product\hot.php on line 46
2016-10-10 17:49:16 - PHP Notice:  Undefined index: tax_class_id in D:\www\200wdollar\catalog\controller\product\hot.php on line 34
2016-10-10 17:49:16 - PHP Notice:  Undefined index: tax_class_id in D:\www\200wdollar\catalog\controller\product\hot.php on line 38
2016-10-10 17:49:16 - PHP Notice:  Undefined variable: rating in D:\www\200wdollar\catalog\controller\product\hot.php on line 46
2016-10-10 17:49:16 - PHP Notice:  Undefined index: tax_class_id in D:\www\200wdollar\catalog\controller\product\hot.php on line 34
2016-10-10 17:49:16 - PHP Notice:  Undefined index: tax_class_id in D:\www\200wdollar\catalog\controller\product\hot.php on line 38
2016-10-10 17:49:16 - PHP Notice:  Undefined variable: rating in D:\www\200wdollar\catalog\controller\product\hot.php on line 46
2016-10-10 17:49:16 - PHP Notice:  Undefined index: tax_class_id in D:\www\200wdollar\catalog\controller\product\hot.php on line 34
2016-10-10 17:49:16 - PHP Notice:  Undefined index: tax_class_id in D:\www\200wdollar\catalog\controller\product\hot.php on line 38
2016-10-10 17:49:16 - PHP Notice:  Undefined variable: rating in D:\www\200wdollar\catalog\controller\product\hot.php on line 46
2016-10-10 17:49:16 - PHP Notice:  Undefined index: tax_class_id in D:\www\200wdollar\catalog\controller\product\hot.php on line 34
2016-10-10 17:49:16 - PHP Notice:  Undefined index: tax_class_id in D:\www\200wdollar\catalog\controller\product\hot.php on line 38
2016-10-10 17:49:16 - PHP Notice:  Undefined variable: rating in D:\www\200wdollar\catalog\controller\product\hot.php on line 46
2016-10-10 17:49:16 - PHP Notice:  Undefined index: tax_class_id in D:\www\200wdollar\catalog\controller\product\hot.php on line 34
2016-10-10 17:49:16 - PHP Notice:  Undefined index: tax_class_id in D:\www\200wdollar\catalog\controller\product\hot.php on line 38
2016-10-10 17:49:16 - PHP Notice:  Undefined variable: rating in D:\www\200wdollar\catalog\controller\product\hot.php on line 46
2016-10-10 17:51:36 - PHP Notice:  Undefined index: tax_class_id in D:\www\200wdollar\catalog\controller\product\hot.php on line 34
2016-10-10 17:51:36 - PHP Notice:  Undefined index: tax_class_id in D:\www\200wdollar\catalog\controller\product\hot.php on line 38
2016-10-10 17:51:36 - PHP Notice:  Undefined variable: rating in D:\www\200wdollar\catalog\controller\product\hot.php on line 47
2016-10-10 17:51:36 - PHP Notice:  Undefined index: tax_class_id in D:\www\200wdollar\catalog\controller\product\hot.php on line 34
2016-10-10 17:51:36 - PHP Notice:  Undefined index: tax_class_id in D:\www\200wdollar\catalog\controller\product\hot.php on line 38
2016-10-10 17:51:36 - PHP Notice:  Undefined variable: rating in D:\www\200wdollar\catalog\controller\product\hot.php on line 47
2016-10-10 17:51:36 - PHP Notice:  Undefined index: tax_class_id in D:\www\200wdollar\catalog\controller\product\hot.php on line 34
2016-10-10 17:51:36 - PHP Notice:  Undefined index: tax_class_id in D:\www\200wdollar\catalog\controller\product\hot.php on line 38
2016-10-10 17:51:36 - PHP Notice:  Undefined variable: rating in D:\www\200wdollar\catalog\controller\product\hot.php on line 47
2016-10-10 17:51:36 - PHP Notice:  Undefined index: tax_class_id in D:\www\200wdollar\catalog\controller\product\hot.php on line 34
2016-10-10 17:51:36 - PHP Notice:  Undefined index: tax_class_id in D:\www\200wdollar\catalog\controller\product\hot.php on line 38
2016-10-10 17:51:36 - PHP Notice:  Undefined variable: rating in D:\www\200wdollar\catalog\controller\product\hot.php on line 47
2016-10-10 17:51:36 - PHP Notice:  Undefined index: tax_class_id in D:\www\200wdollar\catalog\controller\product\hot.php on line 34
2016-10-10 17:51:36 - PHP Notice:  Undefined index: tax_class_id in D:\www\200wdollar\catalog\controller\product\hot.php on line 38
2016-10-10 17:51:36 - PHP Notice:  Undefined variable: rating in D:\www\200wdollar\catalog\controller\product\hot.php on line 47
2016-10-10 17:51:36 - PHP Notice:  Undefined index: tax_class_id in D:\www\200wdollar\catalog\controller\product\hot.php on line 34
2016-10-10 17:51:36 - PHP Notice:  Undefined index: tax_class_id in D:\www\200wdollar\catalog\controller\product\hot.php on line 38
2016-10-10 17:51:36 - PHP Notice:  Undefined variable: rating in D:\www\200wdollar\catalog\controller\product\hot.php on line 47
2016-10-10 17:52:29 - PHP Notice:  Undefined index: tax_class_id in D:\www\200wdollar\catalog\controller\product\hot.php on line 34
2016-10-10 17:52:29 - PHP Notice:  Undefined index: tax_class_id in D:\www\200wdollar\catalog\controller\product\hot.php on line 38
2016-10-10 17:52:29 - PHP Notice:  Undefined variable: rating in D:\www\200wdollar\catalog\controller\product\hot.php on line 47
2016-10-10 17:52:29 - PHP Notice:  Undefined index: tax_class_id in D:\www\200wdollar\catalog\controller\product\hot.php on line 34
2016-10-10 17:52:29 - PHP Notice:  Undefined index: tax_class_id in D:\www\200wdollar\catalog\controller\product\hot.php on line 38
2016-10-10 17:52:29 - PHP Notice:  Undefined variable: rating in D:\www\200wdollar\catalog\controller\product\hot.php on line 47
2016-10-10 17:52:29 - PHP Notice:  Undefined index: tax_class_id in D:\www\200wdollar\catalog\controller\product\hot.php on line 34
2016-10-10 17:52:29 - PHP Notice:  Undefined index: tax_class_id in D:\www\200wdollar\catalog\controller\product\hot.php on line 38
2016-10-10 17:52:29 - PHP Notice:  Undefined variable: rating in D:\www\200wdollar\catalog\controller\product\hot.php on line 47
2016-10-10 17:52:29 - PHP Notice:  Undefined index: tax_class_id in D:\www\200wdollar\catalog\controller\product\hot.php on line 34
2016-10-10 17:52:29 - PHP Notice:  Undefined index: tax_class_id in D:\www\200wdollar\catalog\controller\product\hot.php on line 38
2016-10-10 17:52:29 - PHP Notice:  Undefined variable: rating in D:\www\200wdollar\catalog\controller\product\hot.php on line 47
2016-10-10 17:52:29 - PHP Notice:  Undefined index: tax_class_id in D:\www\200wdollar\catalog\controller\product\hot.php on line 34
2016-10-10 17:52:29 - PHP Notice:  Undefined index: tax_class_id in D:\www\200wdollar\catalog\controller\product\hot.php on line 38
2016-10-10 17:52:29 - PHP Notice:  Undefined variable: rating in D:\www\200wdollar\catalog\controller\product\hot.php on line 47
2016-10-10 17:52:29 - PHP Notice:  Undefined index: tax_class_id in D:\www\200wdollar\catalog\controller\product\hot.php on line 34
2016-10-10 17:52:29 - PHP Notice:  Undefined index: tax_class_id in D:\www\200wdollar\catalog\controller\product\hot.php on line 38
2016-10-10 17:52:29 - PHP Notice:  Undefined variable: rating in D:\www\200wdollar\catalog\controller\product\hot.php on line 47
2016-10-10 17:58:48 - PHP Notice:  Undefined index: tax_class_id in D:\www\200wdollar\catalog\controller\product\hot.php on line 34
2016-10-10 17:58:48 - PHP Notice:  Undefined index: tax_class_id in D:\www\200wdollar\catalog\controller\product\hot.php on line 38
2016-10-10 17:58:48 - PHP Notice:  Undefined variable: rating in D:\www\200wdollar\catalog\controller\product\hot.php on line 47
2016-10-10 17:58:48 - PHP Notice:  Undefined index: tax_class_id in D:\www\200wdollar\catalog\controller\product\hot.php on line 34
2016-10-10 17:58:48 - PHP Notice:  Undefined index: tax_class_id in D:\www\200wdollar\catalog\controller\product\hot.php on line 38
2016-10-10 17:58:48 - PHP Notice:  Undefined variable: rating in D:\www\200wdollar\catalog\controller\product\hot.php on line 47
2016-10-10 17:58:48 - PHP Notice:  Undefined index: tax_class_id in D:\www\200wdollar\catalog\controller\product\hot.php on line 34
2016-10-10 17:58:48 - PHP Notice:  Undefined index: tax_class_id in D:\www\200wdollar\catalog\controller\product\hot.php on line 38
2016-10-10 17:58:48 - PHP Notice:  Undefined variable: rating in D:\www\200wdollar\catalog\controller\product\hot.php on line 47
2016-10-10 17:58:48 - PHP Notice:  Undefined index: tax_class_id in D:\www\200wdollar\catalog\controller\product\hot.php on line 34
2016-10-10 17:58:48 - PHP Notice:  Undefined index: tax_class_id in D:\www\200wdollar\catalog\controller\product\hot.php on line 38
2016-10-10 17:58:48 - PHP Notice:  Undefined variable: rating in D:\www\200wdollar\catalog\controller\product\hot.php on line 47
2016-10-10 17:58:48 - PHP Notice:  Undefined index: tax_class_id in D:\www\200wdollar\catalog\controller\product\hot.php on line 34
2016-10-10 17:58:48 - PHP Notice:  Undefined index: tax_class_id in D:\www\200wdollar\catalog\controller\product\hot.php on line 38
2016-10-10 17:58:48 - PHP Notice:  Undefined variable: rating in D:\www\200wdollar\catalog\controller\product\hot.php on line 47
2016-10-10 17:58:48 - PHP Notice:  Undefined index: tax_class_id in D:\www\200wdollar\catalog\controller\product\hot.php on line 34
2016-10-10 17:58:48 - PHP Notice:  Undefined index: tax_class_id in D:\www\200wdollar\catalog\controller\product\hot.php on line 38
2016-10-10 17:58:48 - PHP Notice:  Undefined variable: rating in D:\www\200wdollar\catalog\controller\product\hot.php on line 47
2016-10-10 17:59:10 - PHP Notice:  Undefined variable: rating in D:\www\200wdollar\catalog\controller\product\hot.php on line 47
2016-10-10 17:59:10 - PHP Notice:  Undefined variable: rating in D:\www\200wdollar\catalog\controller\product\hot.php on line 47
2016-10-10 17:59:11 - PHP Notice:  Undefined variable: rating in D:\www\200wdollar\catalog\controller\product\hot.php on line 47
2016-10-10 17:59:11 - PHP Notice:  Undefined variable: rating in D:\www\200wdollar\catalog\controller\product\hot.php on line 47
2016-10-10 17:59:11 - PHP Notice:  Undefined variable: rating in D:\www\200wdollar\catalog\controller\product\hot.php on line 47
2016-10-10 17:59:11 - PHP Notice:  Undefined variable: rating in D:\www\200wdollar\catalog\controller\product\hot.php on line 47
2016-10-10 18:08:13 - PHP Notice:  Undefined variable: rating in D:\www\200wdollar\catalog\controller\product\hot.php on line 47
2016-10-10 18:08:13 - PHP Notice:  Undefined variable: rating in D:\www\200wdollar\catalog\controller\product\hot.php on line 47
2016-10-10 18:08:13 - PHP Notice:  Undefined variable: rating in D:\www\200wdollar\catalog\controller\product\hot.php on line 47
2016-10-10 18:08:13 - PHP Notice:  Undefined variable: rating in D:\www\200wdollar\catalog\controller\product\hot.php on line 47
2016-10-10 18:08:13 - PHP Notice:  Undefined variable: rating in D:\www\200wdollar\catalog\controller\product\hot.php on line 47
2016-10-10 18:08:13 - PHP Notice:  Undefined variable: rating in D:\www\200wdollar\catalog\controller\product\hot.php on line 47
2016-10-10 18:09:05 - PHP Notice:  Undefined index: rating in D:\www\200wdollar\catalog\view\theme\better-life\template\product\hot.tpl on line 10
2016-10-10 18:09:05 - PHP Notice:  Undefined index: rating in D:\www\200wdollar\catalog\view\theme\better-life\template\product\hot.tpl on line 10
2016-10-10 18:09:05 - PHP Notice:  Undefined index: rating in D:\www\200wdollar\catalog\view\theme\better-life\template\product\hot.tpl on line 10
2016-10-10 18:09:05 - PHP Notice:  Undefined index: rating in D:\www\200wdollar\catalog\view\theme\better-life\template\product\hot.tpl on line 10
2016-10-10 18:09:05 - PHP Notice:  Undefined index: rating in D:\www\200wdollar\catalog\view\theme\better-life\template\product\hot.tpl on line 10
2016-10-10 18:09:05 - PHP Notice:  Undefined index: rating in D:\www\200wdollar\catalog\view\theme\better-life\template\product\hot.tpl on line 10
